Resuming: 8750 players done

============================================================
COMPLETE SCRAPER - Full Details for All Players
Started: 2026-02-03 14:00:56.598242
============================================================

[SKIP] Romania Liga 1

[SKIP] Romania Liga 2

[SKIP] Romania Liga 3

[SKIP] Croatia 1. HNL

[SKIP] Croatia 2. HNL

[SKIP] Serbia SuperLiga

[SKIP] Serbia Prva Liga

[SKIP] Albania Superiore

[SKIP] Kosovo Superliga

[SKIP] Montenegro 1. CFL

[SKIP] Slovenia 1. SNL

[SKIP] Slovenia 2. SNL

[SKIP] Bosnia Premier Liga

[SKIP] Italy Serie C Group A

[SKIP] Italy Serie C Group B

[SKIP] Italy Serie C Group C

[SKIP] Portugal Liga 2

[SKIP] Portugal Liga 3

[SKIP] France National 1

[SKIP] France National 2

[SKIP] Spain Primera RFEF

[SKIP] Spain Segunda RFEF

[LEAGUE] Belgium Challenger Pro (BE2)
  Teams: 17
  [8/17] Club NXT
    Players: 44
      5/44 players...
      10/44 players...
      15/44 players...
      20/44 players...
      25/44 players...
      30/44 players...
      35/44 players...
      40/44 players...
    ✓ Saved (8794 total)
  [9/17] RSCA Futures
    Players: 57
      5/57 players...
      10/57 players...
      15/57 players...
      20/57 players...
      25/57 players...
      30/57 players...
      35/57 players...
      40/57 players...
      45/57 players...
      50/57 players...
      55/57 players...
    ✓ Saved (8850 total)
  [10/17] Francs Borains
    Players: 35
      5/35 players...
      10/35 players...
      15/35 players...
      20/35 players...
      30/35 players...
      35/35 players...
    ✓ Saved (8884 total)
  [11/17] KSC Lokeren
    Players: 35
      10/35 players...
      15/35 players...
      20/35 players...
      25/35 players...
      30/35 players...
      35/35 players...
    ✓ Saved (8916 total)
  [12/17] Jong KAA Gent
    Players: 37
      5/37 players...
      10/37 players...
      15/37 players...
      20/37 players...
      25/37 players...
      30/37 players...
      35/37 players...
    ✓ Saved (8953 total)
  [13/17] Patro Eisden Maasmechelen
    Players: 29
      5/29 players...
      10/29 players...
      15/29 players...
      20/29 players...
      25/29 players...
    ✓ Saved (8982 total)
  [14/17] RFC Lüttich
    Players: 26
      5/26 players...
      10/26 players...
      15/26 players...
      20/26 players...
      25/26 players...
    ✓ Saved (9008 total)
  [15/17] RFC Seraing
    Players: 36
      5/36 players...
      10/36 players...
      15/36 players...
      20/36 players...
      25/36 players...
      30/36 players...
      35/36 players...
    ✓ Saved (9044 total)
  [16/17] K Lierse SK
    Players: 38
      5/38 players...
      10/38 players...
      15/38 players...
      Error: HTTPSConnectionPool(host='www.transfermarkt.com', port=443): Read timed out. (read timeout=30)
      20/38 players...
      25/38 players...
      30/38 players...
      35/38 players...
    ✓ Saved (9081 total)
  [17/17] Olympic Charleroi
    Players: 27
      5/27 players...
      10/27 players...
      15/27 players...
      20/27 players...
      25/27 players...
    ✓ Saved (9108 total)
  League complete! Total: 9108

[LEAGUE] Poland Ekstraklasa (PL1)
  Teams: 18
  [1/18] Lech Poznan
    Players: 36
      5/36 players...
      10/36 players...
      15/36 players...
      20/36 players...
      25/36 players...
      30/36 players...
      35/36 players...
    ✓ Saved (9142 total)
  [2/18] Legia Warszawa
    Players: 43
      5/43 players...
      10/43 players...
      15/43 players...
      20/43 players...
      25/43 players...
      30/43 players...
      35/43 players...
      40/43 players...
    ✓ Saved (9184 total)
  [3/18] Raków Częstochowa
    Players: 38
      5/38 players...
      10/38 players...
      15/38 players...
      20/38 players...
      25/38 players...
      30/38 players...
      35/38 players...
    ✓ Saved (9222 total)
  [4/18] Widzew Lodz
    Players: 34
      5/34 players...
      10/34 players...
      15/34 players...
      20/34 players...
      25/34 players...
      30/34 players...
    ✓ Saved (9255 total)
  [5/18] Jagiellonia Bialystok
    Players: 39
      5/39 players...
      10/39 players...
      15/39 players...
      20/39 players...
      25/39 players...
      30/39 players...
      35/39 players...
    ✓ Saved (9294 total)
  [6/18] Cracovia
    Players: 35
      5/35 players...
      10/35 players...
      15/35 players...
      20/35 players...
      25/35 players...
      30/35 players...
      35/35 players...
    ✓ Saved (9327 total)
  [7/18] Pogon Szczecin
    Players: 34
      5/34 players...
      10/34 players...
      15/34 players...
      20/34 players...
      25/34 players...
    ✓ Saved (9360 total)
  [8/18] Lechia Gdansk
    Players: 30
      5/30 players...
      10/30 players...
      15/30 players...
      20/30 players...
      25/30 players...
      30/30 players...
    ✓ Saved (9389 total)
  [9/18] Górnik Zabrze
    Players: 36
      5/36 players...
      10/36 players...
      15/36 players...
      20/36 players...
      25/36 players...
      30/36 players...
      35/36 players...
    ✓ Saved (9423 total)
  [10/18] Korona Kielce
    Players: 34
      5/34 players...
      10/34 players...
      15/34 players...
      20/34 players...
      25/34 players...
      30/34 players...
    ✓ Saved (9457 total)
  [11/18] Zaglebie Lubin
    Players: 41
      5/41 players...
      10/41 players...
      15/41 players...
      20/41 players...
      25/41 players...
      30/41 players...
      35/41 players...
      40/41 players...
    ✓ Saved (9496 total)
  [12/18] Radomiak Radom
    Players: 41
      5/41 players...
      10/41 players...
      15/41 players...
      20/41 players...
      25/41 players...
      30/41 players...
      35/41 players...
      40/41 players...
    ✓ Saved (9533 total)
  [13/18] Motor Lublin
    Players: 35
      5/35 players...
      10/35 players...
      15/35 players...
      20/35 players...
      25/35 players...
      30/35 players...
      35/35 players...
    ✓ Saved (9566 total)
  [14/18] Wisla Plock
    Players: 41
      5/41 players...
      10/41 players...
      15/41 players...
      20/41 players...
      25/41 players...
      30/41 players...
      35/41 players...
      40/41 players...
    ✓ Saved (9606 total)
  [15/18] GKS Katowice
    Players: 33
      5/33 players...
      10/33 players...
      15/33 players...
      20/33 players...
      25/33 players...
    ✓ Saved (9636 total)
  [16/18] Piast Gliwice
    Players: 35
      10/35 players...
      15/35 players...
      20/35 players...
      25/35 players...
      30/35 players...
      35/35 players...
    ✓ Saved (9668 total)
  [17/18] Bruk-Bet Termalica Nieciecza
    Players: 34
      5/34 players...
      10/34 players...
      15/34 players...
      20/34 players...
      25/34 players...
      30/34 players...
    ✓ Saved (9699 total)
  [18/18] Arka Gdynia
    Players: 36
      Error: HTTPSConnectionPool(host='www.transfermarkt.com', port=443): Read timed out. (read timeout=30)
      HTTP 502
      HTTP 502
      HTTP 502
      5/36 players...
      HTTP 502
      HTTP 502
      HTTP 502
      Error: HTTPSConnectionPool(host='www.transfermarkt.com', port=443): Read timed out. (read timeout=30)
      10/36 players...
      Error: HTTPSConnectionPool(host='www.transfermarkt.com', port=443): Read timed out. (read timeout=30)
      Error: HTTPSConnectionPool(host='www.transfermarkt.com', port=443): Read timed out. (read timeout=30)
      20/36 players...
      30/36 players...
      35/36 players...
      Error: HTTPSConnectionPool(host='www.transfermarkt.com', port=443): Read timed out. (read timeout=30)
    ✓ Saved (9730 total)
  League complete! Total: 9730

[LEAGUE] Poland 1. Liga (PL2)
  Teams: 18
  [1/18] Wisla Kraków
    Players: 35
      5/35 players...
      10/35 players...
      15/35 players...
      20/35 players...
      25/35 players...
      30/35 players...
      35/35 players...
    ✓ Saved (9764 total)
  [2/18] Wieczysta Krakow
    Players: 32
      5/32 players...
      10/32 players...
      15/32 players...
      20/32 players...
      25/32 players...
      30/32 players...
    ✓ Saved (9795 total)
  [3/18] Miedz Legnica
    Players: 43
      5/43 players...
      10/43 players...
      15/43 players...
      20/43 players...
      35/43 players...
    ✓ Saved (9832 total)
  [4/18] Polonia Warsaw
    Players: 34
      5/34 players...
      10/34 players...
      15/34 players...
      20/34 players...
      25/34 players...
      30/34 players...
    ✓ Saved (9864 total)
  [5/18] LKS Lodz
    Players: 40
      10/40 players...
      15/40 players...
      20/40 players...
      25/40 players...
      30/40 players...
      35/40 players...
      40/40 players...
    ✓ Saved (9902 total)
  [6/18] Slask Wroclaw
    Players: 41
      5/41 players...
      10/41 players...
      15/41 players...
      20/41 players...
      30/41 players...
      35/41 players...
      40/41 players...
    ✓ Saved (9939 total)
  [7/18] Stal Rzeszow
    Players: 36
      5/36 players...
      10/36 players...
      15/36 players...
      20/36 players...
      25/36 players...
      30/36 players...
      35/36 players...
    ✓ Saved (9973 total)
  [8/18] Pogon Grodzisk Mazowiecki
    Players: 29
      5/29 players...
      10/29 players...
      15/29 players...
      20/29 players...
      25/29 players...
    ✓ Saved (10001 total)
  [9/18] Polonia Bytom
    Players: 34
      5/34 players...
      10/34 players...
      15/34 players...
      20/34 players...
      25/34 players...
      30/34 players...
    ✓ Saved (10032 total)
  [10/18] Ruch Chorzow
    Players: 37
      5/37 players...
      10/37 players...
      20/37 players...
      30/37 players...
      35/37 players...
    ✓ Saved (10065 total)
  [11/18] GKS Tychy
    Players: 32
      5/32 players...
      10/32 players...
      15/32 players...
      20/32 players...
      25/32 players...
      30/32 players...
    ✓ Saved (10097 total)
  [12/18] Odra Opole
    Players: 43
      5/43 players...
      10/43 players...
      15/43 players...
      20/43 players...
      25/43 players...
      35/43 players...
      40/43 players...
    ✓ Saved (10136 total)
  [13/18] Chrobry Glogow
    Players: 39
      5/39 players...
      10/39 players...
      15/39 players...
      20/39 players...
      25/39 players...
      30/39 players...
      35/39 players...
    ✓ Saved (10171 total)
  [14/18] Stal Mielec
    Players: 37
      5/37 players...
      10/37 players...
      30/37 players...
      35/37 players...
    ✓ Saved (10203 total)
  [15/18] Gornik Leczna
    Players: 32
      5/32 players...
      10/32 players...
      15/32 players...
      20/32 players...
      25/32 players...
      30/32 players...
    ✓ Saved (10235 total)
  [16/18] Puszcza Niepolomice
    Players: 35
      5/35 players...
      15/35 players...
      20/35 players...
      30/35 players...
      35/35 players...
    ✓ Saved (10265 total)
  [17/18] Pogon Siedlce
    Players: 39
      5/39 players...
      10/39 players...
      20/39 players...
      25/39 players...
      30/39 players...
      35/39 players...
    ✓ Saved (10298 total)
  [18/18] Znicz Pruszkow
    Players: 34
      10/34 players...
      25/34 players...
      30/34 players...
    ✓ Saved (10326 total)
  League complete! Total: 10326

[LEAGUE] Austria Bundesliga (A1)
  Teams: 12
  [1/12] SK Sturm Graz
    Players: 36
      5/36 players...
      10/36 players...
      15/36 players...
      20/36 players...
      25/36 players...
      30/36 players...
      35/36 players...
    ✓ Saved (10361 total)
  [2/12] Rapid Vienna
    Players: 39
      5/39 players...
      10/39 players...
      15/39 players...
      20/39 players...
      25/39 players...
      30/39 players...
      35/39 players...
    ✓ Saved (10398 total)
  [3/12] Red Bull Salzburg
    Players: 51
      5/51 players...
      10/51 players...
      15/51 players...
      20/51 players...
      25/51 players...
      30/51 players...
      35/51 players...
      40/51 players...
      45/51 players...
      50/51 players...
    ✓ Saved (10448 total)
  [4/12] LASK
    Players: 50
      5/50 players...
      10/50 players...
      15/50 players...
      20/50 players...
      25/50 players...
      30/50 players...
      35/50 players...
      40/50 players...
      45/50 players...
      50/50 players...
    ✓ Saved (10497 total)
  [5/12] Wolfsberger AC
    Players: 31
      5/31 players...
      10/31 players...
      15/31 players...
      20/31 players...
      25/31 players...
      30/31 players...
    ✓ Saved (10527 total)
  [6/12] Austria Vienna
    Players: 34
      5/34 players...
      10/34 players...
      15/34 players...
      20/34 players...
      25/34 players...
      30/34 players...
    ✓ Saved (10561 total)
  [7/12] FC Blau-Weiss Linz
    Players: 32
      5/32 players...
      10/32 players...
      15/32 players...
      20/32 players...
      25/32 players...
      30/32 players...
    ✓ Saved (10592 total)
  [8/12] TSV Hartberg
    Players: 34
      5/34 players...
      10/34 players...
      15/34 players...
      20/34 players...
      25/34 players...
      30/34 players...
    ✓ Saved (10625 total)
  [9/12] WSG Tirol
    Players: 29
      5/29 players...
      10/29 players...
      15/29 players...
      20/29 players...
      25/29 players...
    ✓ Saved (10654 total)
  [10/12] Grazer AK 1902
    Players: 34
      5/34 players...
      10/34 players...
      15/34 players...
      20/34 players...
      25/34 players...
      30/34 players...
    ✓ Saved (10688 total)
  [11/12] SV Ried
    Players: 30
      5/30 players...
      10/30 players...
      15/30 players...
      20/30 players...
      25/30 players...
      30/30 players...
    ✓ Saved (10717 total)
  [12/12] SCR Altach
    Players: 36
      5/36 players...
      10/36 players...
      15/36 players...
      20/36 players...
      25/36 players...
      30/36 players...
      35/36 players...
    ✓ Saved (10750 total)
  League complete! Total: 10750

[LEAGUE] Austria 2. Liga (A2)
  Teams: 16
  [1/16] Young Violets Austria Wien
    Players: 33
      5/33 players...
      10/33 players...
      15/33 players...
      20/33 players...
      25/33 players...
      30/33 players...
    ✓ Saved (10779 total)
  [2/16] FC Liefering
    Players: 45
      5/45 players...
      20/45 players...
      30/45 players...
      40/45 players...
      45/45 players...
    ✓ Saved (10807 total)
  [3/16] Admira Wacker
    Players: 35
      5/35 players...
      10/35 players...
      15/35 players...
      20/35 players...
      25/35 players...
      30/35 players...
      35/35 players...
    ✓ Saved (10838 total)
  [4/16] SKN St. Pölten
    Players: 33
      5/33 players...
      10/33 players...
      15/33 players...
      20/33 players...
      25/33 players...
      30/33 players...
    ✓ Saved (10869 total)
  [5/16] First Vienna FC
    Players: 31
      5/31 players...
      10/31 players...
      15/31 players...
      20/31 players...
      25/31 players...
      30/31 players...
    ✓ Saved (10898 total)
  [6/16] SK Sturm Graz II
    Players: 39
      10/39 players...
      15/39 players...
      20/39 players...
      25/39 players...
      30/39 players...
      35/39 players...
    ✓ Saved (10922 total)
  [7/16] SC Austria Lustenau
    Players: 29
      5/29 players...
      10/29 players...
      15/29 players...
      20/29 players...
      25/29 players...
    ✓ Saved (10950 total)
  [8/16] SK Rapid Wien II
    Players: 46
      5/46 players...
      15/46 players...
      25/46 players...
      30/46 players...
      45/46 players...
    ✓ Saved (10976 total)
  [9/16] Schwarz-Weiß Bregenz
    Players: 27
      5/27 players...
      10/27 players...
      15/27 players...
      20/27 players...
      25/27 players...
    ✓ Saved (11002 total)
  [10/16] FC Hertha Wels
    Players: 26
      5/26 players...
      10/26 players...
      15/26 players...
      20/26 players...
      25/26 players...
    ✓ Saved (11028 total)
  [11/16] SKU Amstetten
    Players: 32
      10/32 players...
      15/32 players...
      20/32 players...
      25/32 players...
      30/32 players...
    ✓ Saved (11057 total)
  [12/16] SV Austria Salzburg
    Players: 26
      5/26 players...
      10/26 players...
      15/26 players...
      20/26 players...
      25/26 players...
    ✓ Saved (11083 total)
  [13/16] Floridsdorfer AC
    Players: 32
      5/32 players...
      10/32 players...
      15/32 players...
      20/32 players...
      25/32 players...
      30/32 players...
    ✓ Saved (11114 total)
  [14/16] SV Kapfenberg
    Players: 34
      5/34 players...
      10/34 players...
      15/34 players...
      20/34 players...
      25/34 players...
      30/34 players...
    ✓ Saved (11147 total)
  [15/16] SK Austria Klagenfurt
    Players: 33
      5/33 players...
      10/33 players...
      15/33 players...
      20/33 players...
      30/33 players...
    ✓ Saved (11178 total)
  [16/16] SV Stripfing
    Players: 38
      5/38 players...
      10/38 players...
      20/38 players...
      25/38 players...
      35/38 players...
    ✓ Saved (11203 total)
  League complete! Total: 11203

[LEAGUE] Czech 1. Liga (TS1)
  Teams: 16
  [1/16] SK Slavia Prague
    Players: 50
      5/50 players...
      10/50 players...
      15/50 players...
      20/50 players...
      25/50 players...
      30/50 players...
      35/50 players...
      40/50 players...
      45/50 players...
      50/50 players...
    ✓ Saved (11250 total)
  [2/16] AC Sparta Prague
    Players: 40
      5/40 players...
      10/40 players...
      15/40 players...
      20/40 players...
      25/40 players...
      30/40 players...
      40/40 players...
    ✓ Saved (11287 total)
  [3/16] FC Viktoria Plzen
    Players: 36
      5/36 players...
      10/36 players...
      15/36 players...
      20/36 players...
      25/36 players...
      30/36 players...
      35/36 players...
    ✓ Saved (11320 total)
  [4/16] SK Sigma Olomouc
    Players: 42
      5/42 players...
      10/42 players...
      15/42 players...
      20/42 players...
      25/42 players...
      30/42 players...
      35/42 players...
      40/42 players...
    ✓ Saved (11361 total)
  [5/16] FC Banik Ostrava
    Players: 36
      10/36 players...
      15/36 players...
      20/36 players...
      25/36 players...
      30/36 players...
      35/36 players...
    ✓ Saved (11395 total)
  [6/16] FC Slovan Liberec
    Players: 37
      5/37 players...
      10/37 players...
      15/37 players...
      20/37 players...
      30/37 players...
      35/37 players...
    ✓ Saved (11426 total)
  [7/16] FK Pardubice
    Players: 53
      5/53 players...
      10/53 players...
      15/53 players...
      20/53 players...
      25/53 players...
      30/53 players...
      35/53 players...
      40/53 players...
      50/53 players...
      Error: HTTPSConnectionPool(host='www.transfermarkt.com', port=443): Read timed out. (read timeout=30)
      HTTP 504
      HTTP 504
    ✓ Saved (11474 total)
  [8/16] MFK Karvina
    Players: 39
      HTTP 502
      HTTP 502
      HTTP 502
      5/39 players...
      10/39 players...
      15/39 players...
      20/39 players...
      25/39 players...
      35/39 players...
    ✓ Saved (11507 total)
  [9/16] FK Jablonec
    Players: 31
      5/31 players...
      10/31 players...
      15/31 players...
      20/31 players...
      25/31 players...
      30/31 players...
    ✓ Saved (11536 total)
  [10/16] FK Teplice
    Players: 42
      5/42 players...
      15/42 players...
      20/42 players...
      25/42 players...
      30/42 players...
      35/42 players...
    ✓ Saved (11572 total)
  [11/16] FK Mlada Boleslav
    Players: 41
      5/41 players...
      10/41 players...
      15/41 players...
      20/41 players...
      25/41 players...
      30/41 players...
      35/41 players...
      40/41 players...
    ✓ Saved (11602 total)
  [12/16] FK Dukla Prague
    Players: 39
      5/39 players...
      10/39 players...
      15/39 players...
      20/39 players...
      30/39 players...
      35/39 players...
    ✓ Saved (11637 total)
  [13/16] FC Hradec Kralove
    Players: 32
      5/32 players...
      10/32 players...
      15/32 players...
      20/32 players...
      25/32 players...
      30/32 players...
    ✓ Saved (11667 total)
  [14/16] Bohemians Prague 1905
    Players: 33
      5/33 players...
      10/33 players...
      15/33 players...
      20/33 players...
      25/33 players...
      30/33 players...
    ✓ Saved (11700 total)
  [15/16] FC Zlin
    Players: 34
      5/34 players...
      15/34 players...
      20/34 players...
      25/34 players...
      30/34 players...
    ✓ Saved (11732 total)
  [16/16] 1.FC Slovacko
    Players: 37
      15/37 players...
      20/37 players...
      25/37 players...
      30/37 players...
      35/37 players...
    ✓ Saved (11763 total)
  League complete! Total: 11763

[LEAGUE] Czech 2. Liga (TS2)
  Teams: 16
  [1/16] FC Banik Ostrava B
    Players: 48
      10/48 players...
      15/48 players...
      20/48 players...
      25/48 players...
      30/48 players...
      35/48 players...
      40/48 players...
      45/48 players...
    ✓ Saved (11791 total)
  [2/16] FC Zbrojovka Brno
    Players: 48
      5/48 players...
      15/48 players...
      20/48 players...
      25/48 players...
      30/48 players...
      35/48 players...
      40/48 players...
      45/48 players...
    ✓ Saved (11832 total)
  [3/16] SK Slavia Prague B
    Players: 54
      15/54 players...
      20/54 players...
      25/54 players...
      40/54 players...
      45/54 players...
    ✓ Saved (11858 total)
  [4/16] AC Sparta Prague B
    Players: 58
      5/58 players...
      15/58 players...
      20/58 players...
      25/58 players...
      30/58 players...
      35/58 players...
      40/58 players...
      45/58 players...
      50/58 players...
      55/58 players...
    ✓ Saved (11900 total)
  [5/16] SK Artis Brno
    Players: 35
      10/35 players...
      20/35 players...
      25/35 players...
      30/35 players...
      35/35 players...
    ✓ Saved (11931 total)
  [6/16] SK Dynamo Ceske Budejovice
    Players: 56
      5/56 players...
      10/56 players...
      15/56 players...
      20/56 players...
      25/56 players...
      30/56 players...
      45/56 players...
      55/56 players...
    ✓ Saved (11973 total)
  [7/16] FC SILON Taborsko
    Players: 35
      5/35 players...
      10/35 players...
      20/35 players...
      25/35 players...
      30/35 players...
      35/35 players...
    ✓ Saved (12001 total)
  [8/16] Slezsky FC Opava
    Players: 38
      5/38 players...
      10/38 players...
      15/38 players...
      20/38 players...
      25/38 players...
      30/38 players...
      35/38 players...
    ✓ Saved (12036 total)
  [9/16] 1.SK Prostejov
    Players: 35
      5/35 players...
      10/35 players...
      15/35 players...
      20/35 players...
      25/35 players...
      30/35 players...
      35/35 players...
    ✓ Saved (12067 total)
  [10/16] FC Sellier & Bellot Vlasim
    Players: 35
      5/35 players...
      10/35 players...
      20/35 players...
      25/35 players...
      35/35 players...
    ✓ Saved (12092 total)
  [11/16] FC Vysocina Jihlava
    Players: 29
      5/29 players...
      10/29 players...
      15/29 players...
      20/29 players...
      25/29 players...
    ✓ Saved (12119 total)
  [12/16] MFK Chrudim
    Players: 39
      5/39 players...
      10/39 players...
      15/39 players...
      20/39 players...
      25/39 players...
      30/39 players...
    ✓ Saved (12151 total)
  [13/16] FK Viktoria Zizkov
    Players: 35
      5/35 players...
      10/35 players...
      15/35 players...
      20/35 players...
      30/35 players...
      35/35 players...
    ✓ Saved (12183 total)
  [14/16] SK Hanacka Slavia Kromeriz
    Players: 32
      5/32 players...
      10/32 players...
      20/32 players...
      25/32 players...
      30/32 players...
    ✓ Saved (12210 total)
  [15/16] FK Pribram
    Players: 35
      5/35 players...
      10/35 players...
      15/35 players...
      20/35 players...
      25/35 players...
      30/35 players...
      35/35 players...
    ✓ Saved (12243 total)
  [16/16] FK Viagem Usti nad Labem
    Players: 36
      5/36 players...
      10/36 players...
      15/36 players...
      20/36 players...
      25/36 players...
      30/36 players...
      35/36 players...
    ✓ Saved (12277 total)
  League complete! Total: 12277

[LEAGUE] Slovakia Super Liga (SK1)
  Teams: 0

[LEAGUE] Netherlands Eerste Divisie (NL2)
  Teams: 20
  [1/20] Willem II Tilburg
    Players: 33
      5/33 players...
      10/33 players...
      15/33 players...
      20/33 players...
      25/33 players...
      30/33 players...
    ✓ Saved (12308 total)
  [2/20] ADO Den Haag
    Players: 38
      5/38 players...
      10/38 players...
      15/38 players...
      20/38 players...
      25/38 players...
      30/38 players...
      35/38 players...
    ✓ Saved (12345 total)
  [3/20] SC Cambuur Leeuwarden
    Players: 39
      5/39 players...
      10/39 players...
      15/39 players...
      20/39 players...
      25/39 players...
      30/39 players...
      35/39 players...
    ✓ Saved (12383 total)
  [4/20] Ajax Amsterdam U21
    Players: 50
      5/50 players...
      10/50 players...
      15/50 players...
      20/50 players...
      25/50 players...
      30/50 players...
      35/50 players...
      40/50 players...
      45/50 players...
      50/50 players...
    ✓ Saved (12433 total)
  [5/20] Almere City FC
    Players: 40
      5/40 players...
      10/40 players...
      15/40 players...
      20/40 players...
      25/40 players...
      30/40 players...
      35/40 players...
      40/40 players...
    ✓ Saved (12470 total)
  [6/20] FC Dordrecht
    Players: 46
      5/46 players...
      10/46 players...
      15/46 players...
      20/46 players...
      25/46 players...
      30/46 players...
      35/46 players...
      40/46 players...
      45/46 players...
    ✓ Saved (12515 total)
  [7/20] RKC Waalwijk
    Players: 32
      5/32 players...
      10/32 players...
      15/32 players...
      20/32 players...
      25/32 players...
    ✓ Saved (12546 total)
  [8/20] FC Emmen
    Players: 31
      5/31 players...
      10/31 players...
      15/31 players...
      20/31 players...
      25/31 players...
      30/31 players...
    ✓ Saved (12576 total)
  [9/20] PSV Eindhoven U21
    Players: 56
      5/56 players...
      10/56 players...
      15/56 players...
      20/56 players...
      25/56 players...
      30/56 players...
      35/56 players...
      40/56 players...
      45/56 players...
      50/56 players...
      55/56 players...
    ✓ Saved (12631 total)
  [10/20] Roda JC Kerkrade
    Players: 39
      5/39 players...
      10/39 players...
      15/39 players...
      20/39 players...
      25/39 players...
      30/39 players...
      35/39 players...
    ✓ Saved (12666 total)
  [11/20] AZ Alkmaar U21
    Players: 55
      5/55 players...
      10/55 players...
      15/55 players...
      20/55 players...
      25/55 players...
      30/55 players...
      35/55 players...
      40/55 players...
      45/55 players...
      50/55 players...
      55/55 players...
    ✓ Saved (12721 total)
  [12/20] FC Den Bosch
    Players: 39
      5/39 players...
      10/39 players...
      15/39 players...
      20/39 players...
      25/39 players...
      30/39 players...
      35/39 players...
    ✓ Saved (12757 total)
  [13/20] FC Eindhoven
    Players: 34
      5/34 players...
      10/34 players...
      15/34 players...
      20/34 players...
      25/34 players...
      30/34 players...
    ✓ Saved (12788 total)
  [14/20] MVV Maastricht
    Players: 31
      5/31 players...
      10/31 players...
      15/31 players...
      20/31 players...
      25/31 players...
      30/31 players...
    ✓ Saved (12819 total)
  [15/20] Helmond Sport
    Players: 32
      5/32 players...
      10/32 players...
      15/32 players...
      20/32 players...
      25/32 players...
      30/32 players...
    ✓ Saved (12848 total)
  [16/20] De Graafschap Doetinchem
    Players: 40
      5/40 players...
      10/40 players...
      15/40 players...
      20/40 players...
      25/40 players...
      30/40 players...
      35/40 players...
      40/40 players...
    ✓ Saved (12883 total)
  [17/20] FC Utrecht U21
    Players: 43
      5/43 players...
      10/43 players...
      15/43 players...
      20/43 players...
      25/43 players...
      30/43 players...
      35/43 players...
      40/43 players...
    ✓ Saved (12925 total)
  [18/20] VVV-Venlo
    Players: 50
      5/50 players...
      10/50 players...
      15/50 players...
      20/50 players...
      25/50 players...
      30/50 players...
      35/50 players...
      40/50 players...
      50/50 players...
    ✓ Saved (12970 total)
  [19/20] TOP Oss
    Players: 37
      5/37 players...
      10/37 players...
      15/37 players...
      20/37 players...
      25/37 players...
      30/37 players...
    ✓ Saved (13003 total)
  [20/20] Vitesse Arnhem
    Players: 36
      5/36 players...
      10/36 players...
      15/36 players...
      20/36 players...
      25/36 players...
      30/36 players...
      35/36 players...
    ✓ Saved (13037 total)
  League complete! Total: 13037

[LEAGUE] Finland Veikkausliiga (FI1)
  Teams: 12
  [1/12] Kuopion Palloseura
    Players: 46
      5/46 players...
      10/46 players...
      15/46 players...
      20/46 players...
      25/46 players...
      30/46 players...
      35/46 players...
      45/46 players...
    ✓ Saved (13077 total)
  [2/12] HJK Helsinki
    Players: 71
      5/71 players...
      10/71 players...
      15/71 players...
      20/71 players...
      25/71 players...
      30/71 players...
      35/71 players...
      40/71 players...
      45/71 players...
      50/71 players...
      55/71 players...
      60/71 players...
      70/71 players...
    ✓ Saved (13143 total)
  [3/12] Ilves Tampere
    Players: 48
      5/48 players...
      10/48 players...
      15/48 players...
      20/48 players...
      25/48 players...
      30/48 players...
      35/48 players...
      40/48 players...
      45/48 players...
    ✓ Saved (13189 total)
  [4/12] SJK Seinäjoki
    Players: 38
      5/38 players...
      10/38 players...
      15/38 players...
      20/38 players...
      25/38 players...
      30/38 players...
      35/38 players...
    ✓ Saved (13225 total)
  [5/12] FC Inter Turku
    Players: 39
      5/39 players...
      10/39 players...
      15/39 players...
      20/39 players...
      25/39 players...
      30/39 players...
      35/39 players...
    ✓ Saved (13263 total)
  [6/12] AC Oulu
    Players: 42
      10/42 players...
      15/42 players...
      20/42 players...
      25/42 players...
      30/42 players...
      35/42 players...
    ✓ Saved (13301 total)
  [7/12] IF Gnistan
    Players: 42
      5/42 players...
      10/42 players...
      15/42 players...
      20/42 players...
      25/42 players...
      30/42 players...
      35/42 players...
    ✓ Saved (13341 total)
  [8/12] Vaasan Palloseura
    Players: 51
      5/51 players...
      10/51 players...
      15/51 players...
      20/51 players...
      25/51 players...
      30/51 players...
      35/51 players...
      40/51 players...
      45/51 players...
      50/51 players...
    ✓ Saved (13387 total)
  [9/12] IFK Mariehamn
    Players: 37
      5/37 players...
      10/37 players...
      15/37 players...
      20/37 players...
      25/37 players...
      30/37 players...
      35/37 players...
    ✓ Saved (13421 total)
  [10/12] FC Lahti
    Players: 29
      5/29 players...
      10/29 players...
      20/29 players...
      25/29 players...
    ✓ Saved (13446 total)
  [11/12] FF Jaro
    Players: 36
      5/36 players...
      10/36 players...
      15/36 players...
      20/36 players...
      25/36 players...
      30/36 players...
      35/36 players...
    ✓ Saved (13481 total)
  [12/12] Turun Palloseura
    Players: 33
      5/33 players...
      10/33 players...
      15/33 players...
      20/33 players...
      30/33 players...
    ✓ Saved (13511 total)
  League complete! Total: 13511

[LEAGUE] Lithuania A Lyga (LI1)
  Teams: 10
  [1/10] FK Kauno Žalgiris
    Players: 31
      5/31 players...
      10/31 players...
      15/31 players...
      20/31 players...
      25/31 players...
      30/31 players...
    ✓ Saved (13540 total)
  [2/10] FK Žalgiris Vilnius
    Players: 45
      5/45 players...
      10/45 players...
      15/45 players...
      25/45 players...
      30/45 players...
      35/45 players...
      40/45 players...
      45/45 players...
    ✓ Saved (13578 total)
  [3/10] FK Panevėžys
    Players: 44
      5/44 players...
      10/44 players...
      15/44 players...
      20/44 players...
      25/44 players...
      35/44 players...
      40/44 players...
    ✓ Saved (13619 total)
  [4/10] FC Hegelmann
    Players: 30
      5/30 players...
      10/30 players...
      15/30 players...
      20/30 players...
      25/30 players...
      30/30 players...
    ✓ Saved (13646 total)
  [5/10] FA Šiauliai
    Players: 43
      5/43 players...
      10/43 players...
      15/43 players...
      20/43 players...
      25/43 players...
      30/43 players...
      35/43 players...
      40/43 players...
    ✓ Saved (13687 total)
  [6/10] FK Sūduva Marijampolė
    Players: 29
      5/29 players...
      10/29 players...
      15/29 players...
    ✓ Saved (13712 total)
  [7/10] FK Banga Gargždai
    Players: 32
      5/32 players...
      10/32 players...
      15/32 players...
      20/32 players...
      25/32 players...
      30/32 players...
    ✓ Saved (13744 total)
  [8/10] FC Džiugas Telšiai
    Players: 36
      5/36 players...
      10/36 players...
      15/36 players...
      20/36 players...
      25/36 players...
      30/36 players...
      35/36 players...
    ✓ Saved (13777 total)
  [9/10] FK Riteriai
    Players: 41
      5/41 players...
      10/41 players...
      15/41 players...
      25/41 players...
      30/41 players...
      35/41 players...
      40/41 players...
    ✓ Saved (13813 total)
  [10/10] FK TransINVEST
    Players: 40
      5/40 players...
      10/40 players...
      30/40 players...
      35/40 players...
      40/40 players...
    ✓ Saved (13844 total)
  League complete! Total: 13844

[LEAGUE] Estonia Meistriliiga (EST1)
  Teams: 10
  [1/10] FC Flora Tallinn
    Players: 39
      5/39 players...
      10/39 players...
      15/39 players...
      25/39 players...
      30/39 players...
      35/39 players...
    ✓ Saved (13880 total)
  [2/10] Kalju FC
    Players: 42
      5/42 players...
      10/42 players...
      15/42 players...
      20/42 players...
      25/42 players...
      30/42 players...
      35/42 players...
      40/42 players...
    ✓ Saved (13920 total)
  [3/10] FCI Levadia
    Players: 43
      5/43 players...
      10/43 players...
      15/43 players...
      20/43 players...
      25/43 players...
      30/43 players...
      35/43 players...
      40/43 players...
    ✓ Saved (13963 total)
  [4/10] Paide Linnameeskond
    Players: 45
      5/45 players...
      10/45 players...
      15/45 players...
      20/45 players...
      25/45 players...
      30/45 players...
      35/45 players...
      40/45 players...
      45/45 players...
    ✓ Saved (14008 total)
  [5/10] Pärnu JK Vaprus
    Players: 35
      10/35 players...
      15/35 players...
      25/35 players...
      30/35 players...
      35/35 players...
    ✓ Saved (14040 total)
  [6/10] JK Trans Narva
    Players: 42
      5/42 players...
      10/42 players...
      15/42 players...
      20/42 players...
      25/42 players...
      30/42 players...
      35/42 players...
    ✓ Saved (14078 total)
  [7/10] Harju JK Laagri
    Players: 39
      5/39 players...
      10/39 players...
      15/39 players...
      20/39 players...
      25/39 players...
      30/39 players...
      35/39 players...
    ✓ Saved (14115 total)
  [8/10] Jalgpallikool Tammeka
    Players: 37
      5/37 players...
      10/37 players...
      15/37 players...
      20/37 players...
      25/37 players...
      30/37 players...
      35/37 players...
    ✓ Saved (14148 total)
  [9/10] FC Kuressaare
    Players: 46
      5/46 players...
      10/46 players...
      15/46 players...
      20/46 players...
      25/46 players...
      30/46 players...
      35/46 players...
      40/46 players...
      45/46 players...
    ✓ Saved (14187 total)
  [10/10] FC Nomme United
    Players: 54
      5/54 players...
      10/54 players...
      15/54 players...
      20/54 players...
      35/54 players...
      40/54 players...
      45/54 players...
      50/54 players...
    ✓ Saved (14231 total)
  League complete! Total: 14231

[LEAGUE] MLS Next Pro (MNP3)
  Teams: 30
  [1/30] Philadelphia Union II
    Players: 35
      5/35 players...
      10/35 players...
      15/35 players...
      20/35 players...
      25/35 players...
      30/35 players...
      35/35 players...
    ✓ Saved (14266 total)
  [2/30] Connecticut United FC
    Players: 0
    ✓ Saved (14266 total)
  [3/30] Crown Legacy FC
    Players: 43
      5/43 players...
      10/43 players...
      15/43 players...
      20/43 players...
      30/43 players...
      35/43 players...
      40/43 players...
    ✓ Saved (14307 total)
  [4/30] San Jose Earthquakes II
    Players: 36
      5/36 players...
      15/36 players...
      20/36 players...
      25/36 players...
      30/36 players...
      35/36 players...
    ✓ Saved (14342 total)
  [5/30] Tacoma Defiance
    Players: 37
      5/37 players...
      10/37 players...
      15/37 players...
      20/37 players...
      25/37 players...
      30/37 players...
      35/37 players...
    ✓ Saved (14379 total)
  [6/30] Chicago Fire FC II
    Players: 42
      5/42 players...
      10/42 players...
      15/42 players...
      20/42 players...
      25/42 players...
      35/42 players...
      40/42 players...
    ✓ Saved (14420 total)
  [7/30] Columbus Crew 2
    Players: 42
      5/42 players...
      10/42 players...
      15/42 players...
      20/42 players...
      25/42 players...
      30/42 players...
      35/42 players...
      40/42 players...
    ✓ Saved (14462 total)
  [8/30] New England Revolution II
    Players: 46
      5/46 players...
      10/46 players...
      15/46 players...
      20/46 players...
      25/46 players...
      30/46 players...
      35/46 players...
      40/46 players...
      45/46 players...
    ✓ Saved (14508 total)
  [9/30] New York Red Bulls II
    Players: 44
      5/44 players...
      10/44 players...
      15/44 players...
      20/44 players...
      25/44 players...
      30/44 players...
      35/44 players...
      40/44 players...
    ✓ Saved (14551 total)
  [10/30] Los Angeles FC 2
    Players: 45
      5/45 players...
      10/45 players...
      15/45 players...
      20/45 players...
      25/45 players...
      30/45 players...
      35/45 players...
      40/45 players...
      45/45 players...
    ✓ Saved (14594 total)
  [11/30] FC Cincinnati 2
    Players: 40
      5/40 players...
      10/40 players...
      15/40 players...
      20/40 players...
      25/40 players...
      30/40 players...
      35/40 players...
      40/40 players...
    ✓ Saved (14634 total)
  [12/30] Chattanooga FC
    Players: 32
      5/32 players...
      10/32 players...
      15/32 players...
      20/32 players...
      25/32 players...
      30/32 players...
    ✓ Saved (14666 total)
  [13/30] Portland Timbers 2
    Players: 42
      5/42 players...
      10/42 players...
      15/42 players...
      20/42 players...
      25/42 players...
      30/42 players...
      35/42 players...
      40/42 players...
    ✓ Saved (14708 total)
  [14/30] Austin FC II
    Players: 36
      5/36 players...
      10/36 players...
      15/36 players...
      20/36 players...
      25/36 players...
      30/36 players...
      35/36 players...
    ✓ Saved (14742 total)
  [15/30] Ventura County FC
    Players: 41
      5/41 players...
      10/41 players...
      15/41 players...
      20/41 players...
      25/41 players...
      30/41 players...
      35/41 players...
      40/41 players...
    ✓ Saved (14781 total)
  [16/30] Atlanta United 2
    Players: 38
      5/38 players...
      10/38 players...
      15/38 players...
      20/38 players...
      25/38 players...
      30/38 players...
      35/38 players...
    ✓ Saved (14818 total)
  [17/30] Minnesota United FC 2
    Players: 49
      5/49 players...
      10/49 players...
      15/49 players...
      20/49 players...
      25/49 players...
      30/49 players...
      35/49 players...
      40/49 players...
      45/49 players...
    ✓ Saved (14867 total)
  [18/30] Toronto FC II
    Players: 34
      5/34 players...
      10/34 players...
      15/34 players...
      20/34 players...
      25/34 players...
      30/34 players...
    ✓ Saved (14901 total)
  [19/30] Carolina Core FC
    Players: 29
      5/29 players...
      10/29 players...
      15/29 players...
      20/29 players...
      25/29 players...
    ✓ Saved (14929 total)
  [20/30] Whitecaps FC 2
    Players: 45
      5/45 players...
      10/45 players...
      15/45 players...
      20/45 players...
      25/45 players...
      30/45 players...
      35/45 players...
      45/45 players...
    ✓ Saved (14973 total)
  [21/30] North Texas SC
    Players: 44
      5/44 players...
      10/44 players...
      15/44 players...
      20/44 players...
      25/44 players...
      30/44 players...
      35/44 players...
      40/44 players...
    ✓ Saved (15017 total)
  [22/30] Sporting Kansas City II
    Players: 34
      5/34 players...
      10/34 players...
      15/34 players...
      20/34 players...
      25/34 players...
      30/34 players...
    ✓ Saved (15051 total)
  [23/30] New York City FC II
    Players: 35
      5/35 players...
      10/35 players...
      15/35 players...
      20/35 players...
      25/35 players...
      30/35 players...
      35/35 players...
    ✓ Saved (15086 total)
  [24/30] Huntsville City FC
    Players: 39
      5/39 players...
      10/39 players...
      15/39 players...
      20/39 players...
      25/39 players...
      30/39 players...
      35/39 players...
    ✓ Saved (15125 total)
  [25/30] Inter Miami CF II
    Players: 45
      5/45 players...
      10/45 players...
      15/45 players...
      20/45 players...
      25/45 players...
      30/45 players...
      35/45 players...
      40/45 players...
      45/45 players...
    ✓ Saved (15168 total)
  [26/30] Orlando City B
    Players: 35
      5/35 players...
      10/35 players...
      15/35 players...
      20/35 players...
      25/35 players...
      30/35 players...
      35/35 players...
    ✓ Saved (15203 total)
  [27/30] Colorado Rapids 2
    Players: 39
      5/39 players...
      10/39 players...
      15/39 players...
      20/39 players...
      25/39 players...
      30/39 players...
      35/39 players...
    ✓ Saved (15242 total)
  [28/30] Houston Dynamo FC 2
    Players: 45
      5/45 players...
      10/45 players...
      15/45 players...
      20/45 players...
      25/45 players...
      35/45 players...
      40/45 players...
      45/45 players...
    ✓ Saved (15286 total)
  [29/30] St. Louis CITY SC 2
    Players: 46
      5/46 players...
      10/46 players...
      15/46 players...
      20/46 players...
      25/46 players...
      30/46 players...
      35/46 players...
      40/46 players...
      45/46 players...
    ✓ Saved (15331 total)
  [30/30] Real Monarchs SLC
    Players: 51
      5/51 players...
      10/51 players...
      15/51 players...
      20/51 players...
      25/51 players...
      30/51 players...
      35/51 players...
      40/51 players...
      45/51 players...
      50/51 players...
    ✓ Saved (15382 total)
  League complete! Total: 15382

============================================================
COMPLETE! 15382 players with full details
============================================================
