/Users/majorwinters/Library/Python/3.9/lib/python/site-packages/urllib3/__init__.py:35: NotOpenSSLWarning: urllib3 v2 only supports OpenSSL 1.1.1+, currently the 'ssl' module is compiled with 'LibreSSL 2.8.3'. See: https://github.com/urllib3/urllib3/issues/3020
  warnings.warn(

Full Roster Scraper started at 2026-02-03 01:24:48.756921
Leagues to process: 35

============================================================
League: Romania Liga 1 (RO1)
============================================================
  Fetching teams...
  Found 16 teams
  [1/16] FCSB...
    Got 47 players
  [2/16] FC Rapid 1923...
    Got 48 players
  [3/16] CS Universitatea Craiova...
    Got 38 players
  [4/16] CFR Cluj...
    Got 50 players
  [5/16] FC Dinamo 1948...
    Got 35 players
    [Progress saved: 218 total players]
  [6/16] FC Universitatea Cluj...
    Got 37 players
  [7/16] FC Botosani...
    Got 41 players
  [8/16] FCV Farul Constanta...
    Got 53 players
  [9/16] UTA Arad...
    Got 50 players
  [10/16] SC Otelul Galati...
    Got 43 players
    [Progress saved: 442 total players]
  [11/16] ACSC FC Arges...
    Got 36 players
  [12/16] FC Hermannstadt...
    Got 29 players
  [13/16] Petrolul Ploiesti...
    Got 43 players
  [14/16] AFC Unirea 04 Slobozia...
    Got 33 players
  [15/16] FK Csikszereda Miercurea Ciuc...
    Got 31 players
    [Progress saved: 614 total players]
  [16/16] FC Metaloglobus Bucharest...
    Got 30 players
  League total: 644 players

Total players so far: 644

============================================================
League: Romania Liga 2 (RO2)
============================================================
  Fetching teams...
  Found 22 teams
  [1/22] Sepsi OSK Sf. Gheorghe...
    Got 47 players
  [2/22] AFC ASA Targu Mures...
    Got 0 players
  [3/22] FC Voluntari...
    Got 39 players
  [4/22] ACSM Politehnica Iasi...
    Got 43 players
  [5/22] Corvinul Hunedoara...
    Got 39 players
    [Progress saved: 812 total players]
  [6/22] CSA Steaua...
    Got 30 players
  [7/22] Concordia Chiajna...
    Got 41 players
  [8/22] AFC Metalul Buzau...
    Got 37 players
  [9/22] FC Bihor 1902...
    Got 36 players
  [10/22] ACSM Resita...
    Got 39 players
    [Progress saved: 995 total players]
  [11/22] CSM Slatina...
    Got 40 players
  [12/22] AFC Chindia Targoviste...
    Got 36 players
  [13/22] CSC Dumbravita...
    Got 37 players
  [14/22] CS Dinamo Bucuresti...
    Got 22 players
  [15/22] CSC 1599 Selimbar...
    Got 38 players
    [Progress saved: 1168 total players]
  [16/22] FC Bacau...
    Got 27 players
  [17/22] CS Afumati...
    Got 40 players
  [18/22] Gloria Bistrita...
    Got 26 players
  [19/22] CSM Olimpia Satu Mare...
    Got 27 players
  [20/22] CSM Ceahlaul Piatra Neamt...
    Got 39 players
    [Progress saved: 1327 total players]
  [21/22] AFC Campulung Muscel 2022...
    Got 51 players
  [22/22] CS Tunari...
    Got 31 players
  League total: 765 players

Total players so far: 1409

============================================================
League: Romania Liga 3 (RO3)
============================================================
  Fetching teams...
  Found 0 teams
  No teams found, skipping

============================================================
League: Croatia 1. HNL (KR1)
============================================================
  Fetching teams...
  Found 10 teams
  [1/10] GNK Dinamo Zagreb...
    Got 46 players
  [2/10] HNK Hajduk Split...
    Got 41 players
  [3/10] HNK Rijeka...
    Got 51 players
  [4/10] NK Osijek...
    Got 42 players
  [5/10] NK Istra 1961...
    Got 48 players
    [Progress saved: 1637 total players]
  [6/10] Slaven Belupo Koprivnica...
    Got 41 players
  [7/10] NK Lokomotiva Zagreb...
    Got 52 players
  [8/10] NK Varazdin...
    Got 38 players
  [9/10] HNK Gorica...
    Got 47 players
  [10/10] HNK Vukovar 1991...
    Got 37 players
    [Progress saved: 1852 total players]
  League total: 443 players

Total players so far: 1852
